<?xml version="1.0" encoding="UTF-8"?>
<testng-results skipped="0" failed="0" ignored="0" total="1" passed="1">
  <reporter-output>
  </reporter-output>
  <suite name="Suite" duration-ms="2295" started-at="2019-07-19T16:37:38Z" finished-at="2019-07-19T16:37:40Z">
    <groups>
    </groups>
    <test name="Test" duration-ms="2295" started-at="2019-07-19T16:37:38Z" finished-at="2019-07-19T16:37:40Z">
      <class name="tests.TrelloSystemTest">
        <test-method status="PASS" signature="setUp()[pri:0, instance:tests.TrelloSystemTest@5419f379]" name="setUp" is-config="true" duration-ms="4675" started-at="2019-07-19T16:37:33Z" finished-at="2019-07-19T16:37:38Z">
          <reporter-output>
          </reporter-output>
        </test-method> <!-- setUp -->
        <test-method status="PASS" signature="createNewBoard()[pri:0, instance:tests.TrelloSystemTest@5419f379]" name="createNewBoard" duration-ms="2268" started-at="2019-07-19T16:37:38Z" finished-at="2019-07-19T16:37:40Z">
          <reporter-output>
          </reporter-output>
        </test-method> <!-- createNewBoard -->
        <test-method status="PASS" signature="closeBrowser()[pri:0, instance:tests.TrelloSystemTest@5419f379]" name="closeBrowser" is-config="true" duration-ms="122" started-at="2019-07-19T16:37:40Z" finished-at="2019-07-19T16:37:40Z">
          <reporter-output>
          </reporter-output>
        </test-method> <!-- closeBrowser -->
      </class> <!-- tests.TrelloSystemTest -->
    </test> <!-- Test -->
  </suite> <!-- Suite -->
</testng-results>
